00000000 a __dldi_lma
00000000 a __end__
01ff8000 t __itcm_start
01ff8038 00000018 T __excpt_vectors
01ff8050 00000088 t threadReschedule
01ff80d8 000000d8 T threadBlock
01ff81b0 000000c0 T threadUnblockOneByValue
01ff8270 00000130 T threadUnblockAllByValue
01ff83a0 00000134 T threadUnblockAllByMask
01ff84d4 0000002c T armContextSave
01ff8500 00000020 T armContextLoad
01ff8504 T armContextLoadFromSvc
01ff8520 00000008 T armWaitForIrq
01ff8528 0000000c T armDrainWriteBuffer
01ff8534 00000028 T armDCacheFlushAll
01ff855c 0000001c T armDCacheFlush
01ff8578 0000000c T armICacheInvalidateAll
01ff8584 00000004 t __arm_excpt_rst
01ff8588 00000004 t __arm_excpt_pabt
01ff858c 0000000c t __arm_excpt_und
01ff8598 0000000c t __arm_excpt_dabt
01ff85a4 00000030 t __excpt_entry
01ff85d4 000000e4 t __arm_excpt_irq
01ff86b8 t __itcm_end
02001000 t __crt0_start
02001000 00000060 t __ds9_bootstub_trampoline
02001060 00000074 T crt0ProcessLoadList
020010d4 00000180 T crt0Startup
02001254 0000004c T crt0CopyMem32
020012a0 00000058 T crt0FillMem32
020012f8 000000b4 T crt0SetupMPU
020013c0 t __crt0_end
020013c0 T _init
020013c0 t __main_start
020013cc 00000020 W __gnu_cxx::__throw_concurrence_lock_error()
020013ec 00000020 W __gnu_cxx::__throw_concurrence_unlock_error()
0200140c 00000020 W __gnu_cxx::__throw_concurrence_broadcast_error()
0200142c 0000000a T std::terminate()
02001436 0000000a T std::unexpected()
02001440 00000038 t __cxxabiv1::__is_gxx_exception_class(char*)
02001478 00000020 T __cxa_call_terminate
02001498 000000fa T __cxa_call_unexpected
02001594 00000006 T _Unwind_GetDataRelBase
0200159a 00000006 T _Unwind_GetTextRelBase
020015a0 00000028 t _GLOBAL__sub_D__ZN17__eh_globals_init7_S_initE
020015c8 00000022 T exit
020015ec 0000070c T main
02001cf8 0000011c t _GLOBAL__sub_I__ZN9__gnu_cxx9__freeresEv
02001e14 00000030 t _GLOBAL__sub_I__ZN17__eh_globals_init7_S_initE
02001e44 00000010 t _GLOBAL__sub_I__ZN10__cxxabiv111__terminateEPFvvE
02001e54 t __do_global_dtors_aux
02001e80 t frame_dummy
02001ea4 0000003c t divf32
02001ee0 00000554 t renderNodeRecursive(SceneNode*, int*, int) [clone .constprop.0]
02002434 00000048 W SceneNode::SceneNode()
02002434 00000048 W SceneNode::SceneNode()
0200247c 000000b4 T BoxTestf
02002530 000000e0 t newRow
02002610 000000e0 T consolePrintChar
020026f0 00000344 T con_write
02002a34 000002e8 T consoleLoadFont
02002d1c 00000170 T consoleInit
02002e8c 00000040 T consoleDemoInit
02002ecc 0000006c T scanKeys
02002f38 0000000c T keysHeld
02002f44 0000004c T sinLutLookup
02002f90 00000038 T sinLerp
02002fc8 00000044 T cosLerp
0200300c 000000ac T tanLerp
020030b8 000000e0 T glInit
02003198 00000162 t vramBlock__deallocateBlock.part.0
020032fc 0000005c T vramBlock_init
02003358 00000170 T vramBlock__allocateBlock
020034c8 00000270 T vramBlock_examineSpecial
02003738 0000006c T vramBlock_allocateSpecial
020037a4 00000032 T vramBlock_allocateBlock
020037d8 00000046 T vramBlock_deallocateBlock
02003820 000000c8 T _glInitGlobals
020038e8 00000084 T glGenTextures
0200396c 000000b4 T vramGetBank
02003a20 0000005c T glBindTexture
02003a7c 00000400 T glTexImage2D
02003e7c 0000006c T checkIfText
02003ee8 000000e8 T bgUpdate
02003fd0 000000a8 T bgInit_call
02004078 000000b0 T bgInitSub_call
02004128 00000016 T DynamicArrayInit
02004140 00000016 T DynamicArrayGet
02004158 00000048 T DynamicArraySet
020041a0 00000018 T powerOn
020041b8 0000000c T vramRestorePrimaryBanks
020041c4 0000009c T threadExit
02004260 00000010 t _threadTickTask
02004270 00000098 T _threadInit
02004308 000000a4 T threadPrepare
020043ac 000000c8 T threadStart
02004474 000000a0 T threadIrqWait
02004514 00000058 T threadSleepTicks
0200456c 00000028 T keypadGetState
02004594 00000040 t _pmCallEventHandlers
020045d4 000000a0 t _pmPxiThreadMain
02004674 00000028 t _pmResetPxiHandler
0200469c 00000004 W systemUserExit
020046a0 00000004 W systemErrorExit
020046a4 00000138 T __syscall_exit
020047dc 00000058 T pmInit
02004834 000000cc T pmEnterSleep
02004900 00000074 T pmMainLoop
02004974 00000058 T touchRead
02004998 a __crt0_lma
020049cc 0000001c t _tickCountIsr
020049e8 00000084 t _tickTaskSchedule.part.0.isra.0
02004a6c 000000a0 T tickInit
02004b0c 0000005c T tickGetCount
02004b68 00000110 t _tickTaskIsr
02004c78 00000144 T tickTaskStart
02004d58 a __itcm_lma
02004d58 a __loadlist_lma
02004dbc 00000098 T mailboxTrySend
02004e54 00000098 T mailboxRecv
02004eec 00000014 T __syscall_getreent
02004f00 00000024 T __errno
02004f24 00000004 T __syscall_lock_acquire
02004f28 00000004 T __syscall_lock_release
02004f2c 0000004c T __syscall_lock_acquire_recursive
02004f78 00000018 T __syscall_lock_release_recursive
02004f90 00000004 t _pxiMailboxHandler
02004f94 00000004 W _pxiRecvUnhandled
02004f98 00000154 t _pxiRecvIrqHandler
020050ec 00000058 T _pxiInit
02005144 00000074 T pxiSetHandler
020051b8 00000068 T pxiSetMailbox
02005220 00000038 T pxiWaitRemote
02005258 00000050 T pxiSendPacket
020052a8 00000004 W systemUserStartup
020052ac 00000104 W systemStartup
020053b0 00000064 T irqSet
02005414 000001cc t threadUpdateDynamicPrio
020055e0 000001c8 t threadRemoveWaiter
020057a8 00000150 T mutexLock
020058f8 000000d0 T mutexUnlock
020059c8 00000008 W __gnu_cxx::__concurrence_lock_error::what() const
020059d0 00000008 W __gnu_cxx::__concurrence_unlock_error::what() const
020059d8 00000008 W __gnu_cxx::__concurrence_broadcast_error::what() const
020059e0 00000008 W __gnu_cxx::__concurrence_wait_error::what() const
020059e8 00000020 t (anonymous namespace)::init()
02005a08 00000018 t (anonymous namespace)::init_static_cond()
02005a20 00000018 W __gnu_cxx::__concurrence_lock_error::~__concurrence_lock_error()
02005a20 00000018 W __gnu_cxx::__concurrence_lock_error::~__concurrence_lock_error()
02005a38 00000020 W __gnu_cxx::__concurrence_lock_error::~__concurrence_lock_error()
02005a58 00000018 W __gnu_cxx::__concurrence_wait_error::~__concurrence_wait_error()
02005a58 00000018 W __gnu_cxx::__concurrence_wait_error::~__concurrence_wait_error()
02005a70 00000020 W __gnu_cxx::__concurrence_wait_error::~__concurrence_wait_error()
02005a90 00000018 W __gnu_cxx::__concurrence_unlock_error::~__concurrence_unlock_error()
02005a90 00000018 W __gnu_cxx::__concurrence_unlock_error::~__concurrence_unlock_error()
02005aa8 00000020 W __gnu_cxx::__concurrence_unlock_error::~__concurrence_unlock_error()
02005ac8 00000018 W __gnu_cxx::__concurrence_broadcast_error::~__concurrence_broadcast_error()
02005ac8 00000018 W __gnu_cxx::__concurrence_broadcast_error::~__concurrence_broadcast_error()
02005ae0 00000020 W __gnu_cxx::__concurrence_broadcast_error::~__concurrence_broadcast_error()
02005b00 0000012c T __cxa_guard_acquire
02005c2c 00000094 T __cxa_guard_release
02005cc0 00000018 T __gnu_cxx::recursive_init_error::~recursive_init_error()
02005cc0 00000018 T __gnu_cxx::recursive_init_error::~recursive_init_error()
02005cd8 00000020 T __gnu_cxx::recursive_init_error::~recursive_init_error()
02005cf8 0000000c T __gnu_cxx::recursive_init_error::recursive_init_error()
02005cf8 0000000c T __gnu_cxx::recursive_init_error::recursive_init_error()
02005d04 00000018 T __cxxabiv1::__si_class_type_info::~__si_class_type_info()
02005d04 00000018 T __cxxabiv1::__si_class_type_info::~__si_class_type_info()
02005d1c 00000020 T __cxxabiv1::__si_class_type_info::~__si_class_type_info()
02005d3c 000000d8 T __cxxabiv1::__si_class_type_info::__do_dyncast(int, __cxxabiv1::__class_type_info::__sub_kind, __cxxabiv1::__class_type_info const*, void const*, __cxxabiv1::__class_type_info const*, void const*, __cxxabiv1::__class_type_info::__dyncast_result&) const
02005e14 0000005a T __cxxabiv1::__si_class_type_info::__do_find_public_src(int, void const*, __cxxabiv1::__class_type_info const*, void const*) const
02005e70 0000002a T __cxxabiv1::__si_class_type_info::__do_upcast(__cxxabiv1::__class_type_info const*, void const*, __cxxabiv1::__class_type_info::__upcast_result&) const
02005e9c 00000002 T std::type_info::~type_info()
02005e9c 00000002 T std::type_info::~type_info()
02005ea0 00000004 T std::type_info::__is_pointer_p() const
02005ea0 00000004 T std::type_info::__is_function_p() const
02005ea4 0000003c T __cxxabiv1::__class_type_info::__do_upcast(__cxxabiv1::__class_type_info const*, void**) const
02005ee0 00000012 T __cxxabiv1::__class_type_info::__do_find_public_src(int, void const*, __cxxabiv1::__class_type_info const*, void const*) const
02005ef4 00000018 T __cxxabiv1::__class_type_info::~__class_type_info()
02005ef4 00000018 T __cxxabiv1::__class_type_info::~__class_type_info()
02005f0c 00000020 T __cxxabiv1::__class_type_info::~__class_type_info()
02005f2c 0000003c T __cxxabiv1::__class_type_info::__do_upcast(__cxxabiv1::__class_type_info const*, void const*, __cxxabiv1::__class_type_info::__upcast_result&) const
02005f68 00000052 T __cxxabiv1::__class_type_info::__do_catch(std::type_info const*, void**, unsigned int) const
02005fbc 0000007e T __cxxabiv1::__class_type_info::__do_dyncast(int, __cxxabiv1::__class_type_info::__sub_kind, __cxxabiv1::__class_type_info const*, void const*, __cxxabiv1::__class_type_info const*, void const*, __cxxabiv1::__class_type_info::__dyncast_result&) const
0200603c 0000000c T operator delete(void*, unsigned int)
02006048 000000b0 t (anonymous namespace)::pool::free(void*) [clone .constprop.0]
020060f8 00000088 t (anonymous namespace)::pool::allocate(unsigned int) [clone .constprop.0]
02006180 00000030 T __cxa_allocate_exception
020061b0 00000028 T __cxa_free_exception
020061d8 T __cxa_end_cleanup
020061e4 000000c8 T __cxa_type_match
020062ac 00000062 T __cxa_begin_cleanup
02006310 00000072 T __gnu_end_cleanup
02006384 00000002 T std::exception::~exception()
02006384 00000002 T std::exception::~exception()
02006388 00000002 T std::bad_exception::~bad_exception()
02006388 00000002 T std::bad_exception::~bad_exception()
0200638c 00000008 T transaction clone for std::exception::what() const
0200638c 00000008 T std::exception::what() const
02006394 00000008 T transaction clone for std::bad_exception::what() const
02006394 00000008 T std::bad_exception::what() const
0200639c 00000012 T std::bad_exception::~bad_exception()
020063b0 00000026 t eh_globals_dtor(void*)
020063d8 00000028 T __cxa_get_globals_fast
02006400 00000050 T __cxa_get_globals
02006450 000000ec t read_encoded_value_with_base(unsigned char, unsigned int, unsigned char const*, unsigned int*)
0200653c 00000046 t base_of_encoded_value(unsigned char, _Unwind_Context*)
02006584 00000090 t parse_lsda_header(_Unwind_Context*, unsigned char const*, lsda_header_info*)
02006614 000004a2 T __gxx_personality_v0
02006ab8 00000014 T __cxxabiv1::__terminate(void (*)())
02006acc 00000040 T std::get_terminate()
02006b0c 0000000c T __cxxabiv1::__unexpected(void (*)())
02006b18 00000040 T std::get_unexpected()
02006b58 00000056 t __gxx_exception_cleanup(_Unwind_Reason_Code, _Unwind_Control_Block*)
02006bb0 00000050 T __cxa_init_primary_exception
02006c00 00000032 T __cxa_throw
02006c34 00000070 T __cxa_rethrow
02006ca4 00000098 T __gnu_cxx::__exchange_and_add(int volatile*, int)
02006d3c 0000000c T operator delete(void*)
02006d48 00000078 T __cxa_begin_catch
02006dc0 00000092 T __cxa_end_catch
02006e54 T __aeabi_idiv
02006e54 00000130 T __divsi3
02006e5c t .divsi3_skip_div0_test
02006f84 00000020 T __aeabi_idivmod
02006fa4 00000002 W __aeabi_idiv0
02006fa4 00000002 W __aeabi_ldiv0
02006fa8 T __aeabi_drsub
02006fb0 00000314 T __aeabi_dsub
02006fb0 00000314 T __subdf3
02006fb4 00000310 T __adddf3
02006fb4 00000310 T __aeabi_dadd
020072c4 00000024 T __aeabi_ui2d
020072c4 00000024 T __floatunsidf
020072e8 00000028 T __aeabi_i2d
020072e8 00000028 T __floatsidf
02007310 00000048 T __aeabi_f2d
02007310 00000048 T __extendsfdf2
02007358 00000074 T __aeabi_ul2d
02007358 00000074 T __floatundidf
0200736c 00000060 T __aeabi_l2d
0200736c 00000060 T __floatdidf
020073cc 00000290 T __aeabi_dmul
020073cc 00000290 T __muldf3
0200765c 0000020c T __aeabi_ddiv
0200765c 0000020c T __divdf3
02007868 0000005c T __aeabi_d2iz
02007868 0000005c T __fixdfsi
020078c4 000001c8 T __aeabi_frsub
020078cc 000001c0 T __aeabi_fsub
020078cc 000001c0 T __subsf3
020078d0 000001bc T __addsf3
020078d0 000001bc T __aeabi_fadd
02007a8c 00000028 T __aeabi_ui2f
02007a8c 00000028 T __floatunsisf
02007a94 00000020 T __aeabi_i2f
02007a94 00000020 T __floatsisf
02007ab4 000000bc T __aeabi_ul2f
02007ab4 000000bc T __floatundisf
02007ac4 000000ac T __aeabi_l2f
02007ac4 000000ac T __floatdisf
02007b70 00000198 T __aeabi_fmul
02007b70 00000198 T __mulsf3
02007d08 00000160 T __aeabi_fdiv
02007d08 00000160 T __divsf3
02007e68 0000005c T __aeabi_f2iz
02007e68 0000005c T __fixsfsi
02007ec4 00000054 T __aeabi_f2uiz
02007ec4 00000054 T __fixunssfsi
02007f18 T __aeabi_uldivmod
02007f54 T __sync_synchronize
02007f54 00000002 T __sync_synchronize_none
02007f58 00000056 T __aeabi_lmul
02007f58 00000056 T __muldi3
02007fb0 00000192 T __udivmoddi4
02008144 00000016 t selfrel_offset31
0200815c 00000072 t search_EIT_table
020081d0 00000028 t __gnu_unwind_get_pr_addr
020081f8 00000098 t get_eit_entry
02008290 0000005e t restore_non_core_regs
020082f0 0000000c t _Unwind_decode_typeinfo_ptr.constprop.0
020082fc 00000002 t _Unwind_DebugHook
02008300 0000003e t unwind_phase2
02008340 000000e0 t unwind_phase2_forced
02008420 00000058 T __gnu_Unwind_RaiseException
02008478 00000018 T __gnu_Unwind_ForcedUnwind
02008490 0000004a T __gnu_Unwind_Resume
020084dc 00000020 T __gnu_Unwind_Resume_or_Rethrow
020084fc 00000002 T _Unwind_Complete
02008500 00000018 T _Unwind_DeleteException
02008518 00000042 T _Unwind_VRS_Get
0200855c 0000001a t _Unwind_GetGR
02008578 00000042 T _Unwind_VRS_Set
020085bc 0000001a t _Unwind_SetGR
020085d8 00000078 T __gnu_Unwind_Backtrace
02008650 000002d0 t __gnu_unwind_pr_common
02008920 0000000e T __aeabi_unwind_cpp_pr0
02008930 0000000e W __aeabi_unwind_cpp_pr1
02008940 0000000e W __aeabi_unwind_cpp_pr2
02008950 000002f8 T _Unwind_VRS_Pop
02008c48 0000001c T __restore_core_regs
02008c48 0000001c T restore_core_regs
02008c64 T __gnu_Unwind_Restore_VFP
02008c6c T __gnu_Unwind_Save_VFP
02008c74 T __gnu_Unwind_Restore_VFP_D
02008c7c T __gnu_Unwind_Save_VFP_D
02008c84 T __gnu_Unwind_Restore_VFP_D_16_to_31
02008c8c T __gnu_Unwind_Save_VFP_D_16_to_31
02008c94 T __gnu_Unwind_Restore_WMMXD
02008cd8 T __gnu_Unwind_Save_WMMXD
02008d1c T __gnu_Unwind_Restore_WMMXC
02008d30 T __gnu_Unwind_Save_WMMXC
02008d44 0000002a T ___Unwind_RaiseException
02008d44 0000002a T _Unwind_RaiseException
02008d70 0000002a T ___Unwind_Resume
02008d70 0000002a T _Unwind_Resume
02008d9c 0000002a T ___Unwind_Resume_or_Rethrow
02008d9c 0000002a T _Unwind_Resume_or_Rethrow
02008dc8 0000002a T ___Unwind_ForcedUnwind
02008dc8 0000002a T _Unwind_ForcedUnwind
02008df4 0000002a T ___Unwind_Backtrace
02008df4 0000002a T _Unwind_Backtrace
02008e20 00000032 t next_unwind_byte
02008e54 0000001a t _Unwind_GetGR.constprop.0
02008e70 0000000c t unwind_UCB_from_context
02008e7c 00000304 T __gnu_unwind_execute
02009180 0000002a T __gnu_unwind_frame
020091ac 0000000e T _Unwind_GetRegionStart
020091bc 00000016 T _Unwind_GetLanguageSpecificData
020091d4 00000028 T __clzdi2
020091fc 00000048 T __clzsi2
02009244 000000bc T strchr
02009300 0000001a T getenv
0200931c 00000046 T memcmp
02009364 00000150 t _strtoul_l.isra.0
020094b4 00000020 T _strtoul_r
020094d4 00000024 T strtoul
020094f8 00000052 T __libc_init_array
0200954c 00000018 T calloc
02009564 00000050 T siscanf
020095b4 0000000e T abort
020095c4 00000088 T _puts_r
0200964c 00000014 T puts
02009660 000000cc T _calloc_r
0200972c 00000018 T realloc
02009744 00000550 T _malloc_r
02009c94 000000ac T _malloc_trim_r
02009d40 000001d8 T _free_r
02009f18 00000026 T printf
02009f40 00000026 T malloc
02009f68 00000014 T free
02009f7c 00000094 T _findenv_r
0200a010 0000008c T memset
0200a09c 00000344 T _realloc_r
0200a3e0 00000014 T __malloc_lock
0200a3f4 00000014 T __malloc_unlock
0200a408 00000224 T strcmp
0200a62c 0000000c W __call_exitprocs
0200a638 000001ac T setvbuf
0200a7e4 000000b0 T memcpy
0200a894 00000070 T strncmp
0200a904 0000031a T __sfvwrite_r
0200ac20 00000034 T __sread
0200ac54 00000004 T __seofread
0200ac58 0000004c T __swrite
0200aca4 0000003c T __sseek
0200ace0 00000010 T __sclose
0200acf0 000000cc T memmove
0200adbc 0000005e T _raise_r
0200ae1c 00000014 T raise
0200ae30 00000014 T __env_lock
0200ae44 00000014 T __env_unlock
0200ae58 00000404 t get_arg
0200b25c 000016ce T _vfiprintf_r
0200c92c 0000007c t __sbprintf
0200c9a8 00000060 T strlen
0200ca08 00000118 T _memalign_r
0200cb20 0000003e t get_arg
0200cb5e 0000007e T _sungetc_r
0200cbdc 00000042 T __ssrefill_r
0200cc1e 00000088 T _sfread_r
0200cca8 00001982 T __ssvfiscanf_r
0200e62c 00000020 t stdio_exit_handler
0200e64c 00000040 t cleanup_stdio
0200e68c 00000120 t global_stdio_init.part.0
0200e7ac 0000003c T __sinit
0200e7e8 00000014 T __sfp_lock_acquire
0200e7fc 00000014 T __sfp_lock_release
0200e810 0000004c T _fwalk_sglue
0200e85c 00000024 T __sprint_r
0200e880 0000000e T iswspace
0200e890 0000001c T _localeconv_r
0200e8ac 00000404 t get_arg
0200ecb0 0000238e T _vfprintf_r
02011040 0000007c t __sbprintf
020110bc 00000074 T memchr
02011130 0000015e t quorem
02011290 000010b0 T _dtoa_r
02012340 00000084 T _wcrtomb_r
020123c4 0000025c t _strtol_l.part.0
02012620 00000034 T _strtol_r
02012654 0000002e T __libc_fini_array
02012684 000000b0 T __sccl
02012734 00000180 T __sflush_r
020128b4 0000006e T _fflush_r
02012924 000000e0 T __smakebuf_r
02012a04 0000005c T __swhatbuf_r
02012a60 00000068 T strncpy
02012ac8 000001c0 t _strtoull_l.isra.0
02012c88 00000020 T _strtoull_r
02012ca8 0000001e T _wcsrtombs_r
02012cc8 00000098 T _mbrtowc_r
02012d60 000000d2 T __swsetup_r
02012e34 00000074 T frexp
02012ea8 00000040 T __assert_func
02012ee8 00000028 T iswspace_l
02012f10 0000005c T _Balloc
02012f6c 00000014 T _Bfree
02012f80 000000a8 T __multadd
02013028 0000005e T __hi0bits
02013088 0000008a T __lo0bits
02013114 00000064 T __i2b
02013178 000001b4 T __multiply
0201332c 000000d8 T __pow5mult
02013404 000000f8 T __lshift
020134fc 00000050 T __mcmp
0201354c 000001a4 T __mdiff
020136f0 000000d4 T __d2b
020137c4 000000da T _fclose_r
020138a0 00000300 t _strtoll_l.isra.0
02013ba0 00000020 T _strtoll_r
02013bc0 00000020 T __locale_mb_cur_max
02013be0 0000007c T __submore
02013c5c 00000026 T fiprintf
02013c84 0000011c T _wcsnrtombs_l
02013da0 00000040 T _wcsnrtombs_r
02013de0 0000024a T __utf8_mbtowc
0201402c 0000005c T category
02014088 000000bc T __utf8_wctomb
02014144 00000014 T _exit
02014158 0000005a T _fstat_r
020141b4 0000000a T _getpid_r
020141c0 00000020 T __getreent
020141e0 00000034 T __get_handle
02014214 000000ae T _close_r
020142c4 00000004 t null_write
020142c8 00000004 T _isatty_r
020142cc 0000000a T _kill_r
020142d8 00000062 T _lseek_r
0201433c 0000005a T _read_r
02014398 00000050 W _sbrk_r
020143e8 00000018 T __libc_lock_acquire
02014400 00000018 T __libc_lock_release
02014418 00000018 T __libc_lock_acquire_recursive
02014430 00000018 T __libc_lock_release_recursive
02014448 0000005a T _write_r
020144a4 00000012 T __gnu_thumb1_case_uqi
020144b8 00000014 T __gnu_thumb1_case_uhi
020144cc T __aeabi_uidiv
020144cc 000000fc T __udivsi3
020144cc t .udivsi3_skip_div0_test
020145c8 00000020 T __aeabi_uidivmod
020145e8 00000098 T __gedf2
020145e8 00000098 T __gtdf2
020145f0 00000090 T __ledf2
020145f0 00000090 T __ltdf2
020145f8 00000088 T __cmpdf2
020145f8 00000088 T __eqdf2
020145f8 00000088 T __nedf2
02014680 00000034 T __aeabi_cdrcmple
0201469c 00000018 T __aeabi_cdcmpeq
0201469c 00000018 T __aeabi_cdcmple
020146b4 00000018 T __aeabi_dcmpeq
020146cc 00000018 T __aeabi_dcmplt
020146e4 00000018 T __aeabi_dcmple
020146fc 00000018 T __aeabi_dcmpge
02014714 00000018 T __aeabi_dcmpgt
0201472c 00000038 T __aeabi_dcmpun
0201472c 00000038 T __unorddf2
02014764 T _fini
02014770 00000008 t ____aeabi_ldiv0_from_arm
02014778 00000008 t ____aeabi_idiv0_from_arm
02014a34 00000010 t CUBE_MESH
02014a44 00000090 t CUBE_TRIS
02014ad4 000000a0 t CUBE_VERTICES
02014c48 00000080 t dotab_stdout
02014cc8 00000204 T TAN_LUT
02014ecc 00000102 T SIN_LUT
02014ff4 T default_font_bin
020157f4 T default_font_bin_end
020157f4 00000027 V typeinfo name for __gnu_cxx::__concurrence_lock_error
0201581c 0000000c V typeinfo for __gnu_cxx::__concurrence_lock_error
02015828 00000029 V typeinfo name for __gnu_cxx::__concurrence_unlock_error
02015854 0000000c V typeinfo for __gnu_cxx::__concurrence_unlock_error
02015860 0000002c V typeinfo name for __gnu_cxx::__concurrence_broadcast_error
0201588c 0000000c V typeinfo for __gnu_cxx::__concurrence_broadcast_error
02015898 00000027 V typeinfo name for __gnu_cxx::__concurrence_wait_error
020158c0 0000000c V typeinfo for __gnu_cxx::__concurrence_wait_error
020158cc 00000014 V vtable for __gnu_cxx::__concurrence_lock_error
020158e0 00000014 V vtable for __gnu_cxx::__concurrence_unlock_error
020158f4 00000014 V vtable for __gnu_cxx::__concurrence_broadcast_error
02015908 00000014 V vtable for __gnu_cxx::__concurrence_wait_error
0201591c 00000023 T typeinfo name for __gnu_cxx::recursive_init_error
02015940 0000000c T typeinfo for __gnu_cxx::recursive_init_error
0201594c 00000014 T vtable for __gnu_cxx::recursive_init_error
02015960 00000025 T typeinfo name for __cxxabiv1::__si_class_type_info
02015988 0000000c T typeinfo for __cxxabiv1::__si_class_type_info
02015994 0000002c T vtable for __cxxabiv1::__si_class_type_info
020159c0 0000000d T typeinfo name for std::type_info
020159d0 00000008 T typeinfo for std::type_info
020159d8 00000022 T typeinfo name for __cxxabiv1::__class_type_info
020159fc 0000000c T typeinfo for __cxxabiv1::__class_type_info
02015a08 0000002c T vtable for __cxxabiv1::__class_type_info
02015a34 0000000d T typeinfo name for std::exception
02015a44 00000008 T typeinfo for std::exception
02015a4c 00000012 T typeinfo name for std::bad_exception
02015a60 0000000c T typeinfo for std::bad_exception
02015a6c 00000020 T typeinfo name for __cxxabiv1::__forced_unwind
02015a8c 00000008 T typeinfo for __cxxabiv1::__forced_unwind
02015a94 00000024 T typeinfo name for __cxxabiv1::__foreign_exception
02015ab8 00000008 T typeinfo for __cxxabiv1::__foreign_exception
02015ac0 00000014 T vtable for std::bad_exception
02015b34 00000101 T _ctype_
02015c70 00000010 t zeroes.0
02015c80 00000010 t blanks.1
02015c90 00000022 t basefix.0
02015cb4 00000010 t zeroes.0
02015cc4 00000010 t blanks.1
02015cd4 0000006c T __action_table
02015d40 0000006c T __state_table
02015dac 00000100 T __chclass
02015eac 0000000c t p05.0
02015eb8 00000028 T __mprec_bigtens
02015ee0 000000c8 T __mprec_tens
02015fa8 000035dc t categories
02019584 00000080 T dotab_stdnull
02019608 00000001 d firstConsoleInit.0
0201960c 00000004 D currentConsole
02019610 0000005c D defaultConsole
0201966c 00000001 d count
0201966d 00000001 d repeat
0201966e 00000001 d delay
02019670 00000020 D bgTransform
02019690 00000020 D bgScrollTable
020196b0 00000020 D bgControl
020196d0 00000004 D __cxxabiv1::__unexpected_handler
020196d4 00000004 D __cxxabiv1::__terminate_handler
020196d8 00000004 D __malloc_sbrk_base
020196dc 00000004 D __malloc_trim_threshold
020196e0 00000408 D __malloc_av_
02019ae8 0000000c D __sglue
02019af4 00000004 D environ
02019af8 00000004 D _impure_ptr
02019b00 00000140 D _impure_data
02019c40 0000016c D __global_locale
02019db0 00001000 d handles
0201adb0 0000000c d __stderr_handle
0201adbc 0000000c d __stdout_handle
0201adc8 0000000c d __stdin_handle
0201add4 0000008c D devoptab_list
0201afac r __exidx_start
0201b1c4 r __EH_FRAME_BEGIN__
0201b1c4 r __exidx_end
0201b1c4 r __FRAME_END__
0201b1c8 r __tls_info
0201b1d4 d __frame_dummy_init_array_entry
0201b1d4 d __init_array_start
0201b1d4 d __preinit_array_end
0201b1d4 d __preinit_array_start
0201b1e4 d __do_global_dtors_aux_fini_array_entry
0201b1e4 d __fini_array_start
0201b1e4 d __init_array_end
0201b1ec d __fini_array_end
0201b1ec d __main_end
0201b1f0 b completed.1
0201b1f0 ? __tls_end
0201b1f0 ? __tls_start
0201b1f4 b object.0
0201b20c 00000004 b guard variable for main::cubeBTextureData
0201b210 00000004 b main::cubeBTextureData
0201b214 00000004 b guard variable for main::cubeBTexture
0201b218 0000001c b main::cubeBTexture
0201b234 00000004 b guard variable for main::cubeB
0201b238 0000008c b main::cubeB
0201b2c4 00000004 b guard variable for main::cubeA
0201b2c8 0000008c b main::cubeA
0201b354 0000005c B currentCopy
0201b3b0 00000002 b keysrepeat
0201b3b4 00000004 b s_keypad
0201b3b8 00000004 B glCurClearColor
0201b3bc 0000004c B glGlobalData
0201b408 00000008 B bgIsTextLut
0201b410 00000140 B bgState
0201b550 00000008 b s_sleepThreads
0201b558 00000008 b s_joinThreads
0201b560 00000070 b s_idleThread
0201b5d0 00000070 b s_mainThread
0201b640 00000200 b s_pmPxiThreadStack
0201b840 00000070 b s_pmPxiThread
0201b8b0 00000008 b s_pmState
0201b8b8 00000004 b s_firstTask
0201b8c0 00000008 b s_highTickCount
0201b8c8 00000001 b s_tickInit
0201b8cc 00000008 b s_mailboxRecvQueue
0201b8d4 00000004 b s_defaultErrno.0
0201b8d8 00000004 V __stacksize__
0201b8dc 00000001 B g_isTwlMode
0201b8e0 000001f0 b s_pxiChannels
0201bad0 00000004 b s_pxiRecvState
0201bad4 00000008 b s_pxiRecvQueue
0201badc 00000004 b s_pxiSendMutex
0201bae0 00000004 b (anonymous namespace)::get_static_cond()::once
0201bae8 00000008 b (anonymous namespace)::fake_cond
0201baf0 00000004 b (anonymous namespace)::static_cond
0201baf4 00000004 b (anonymous namespace)::get_static_mutex()::once
0201baf8 00000010 b (anonymous namespace)::fake_mutex
0201bb08 00000004 b (anonymous namespace)::static_mutex
0201bb10 0000001c b (anonymous namespace)::emergency_pool
0201bb2c 00000004 b init
0201bb30 00000001 B __eh_globals_init::_S_init
0201bb34 0000000c b (anonymous namespace)::eh_globals
0201bb40 00000010 b (anonymous namespace)::mx
0201bb50 00000004 b guard variable for (anonymous namespace)::get_atomic_mutex()::atomic_mutex
0201bb58 00000010 b (anonymous namespace)::get_atomic_mutex()::atomic_mutex
0201bb68 00000028 B __malloc_current_mallinfo
0201bb90 00000004 B __malloc_max_total_mem
0201bb94 00000004 B __malloc_max_sbrked_mem
0201bb98 00000004 B __malloc_top_pad
0201bb9c 0000000c b __malloc_recursive_mutex
0201bba8 0000000c b __env_recursive_mutex
0201bbb4 0000000c b __sfp_recursive_mutex
0201bbc0 00000168 B __sf
0201bd28 00000004 B __stdio_exit_handler
0201bd2c 00000004 b initial_env
0201bd30 00000004 b __hndl_lock
0201bd34 00000004 B fake_heap_start
0201bd38 00000004 B fake_heap_end
0201bd3c 00000004 b heap_start.0
0201bd40 b __heap_start_ntr
0201bd40 r __heap_start_twl
0201bd40 b __main_bss_end
0201bd40 ? __twl_bss_end
0201bd40 ? __twl_end
0201bd40 ? __twl_start
0201f23c a __loadlist_start
0201f26c a __loadlist_end
02400000 a __twl_lma
02400000 a __twl_loadlist_lma
02400000 a __twl_loadlist_start
0240000c a __twl_loadlist_end
02ff0000 ? __dtcm_end
02ff0000 ? __dtcm_start
02ff0000 00000080 B __irq_table
02ff0080 00000018 B __sched_state
02ff0098 b __dtcm_bss_end
02ff3e80 d __sp_usr
02ff3f80 a __sp_irq
02ff3fc0 a __sp_svc
02ff3ff8 a __irq_flags
0e000800 00000198 T __ds9_bootstub
ffff0008 a __arm_excpt_svc
